<?xml version="1.0" encoding="UTF-8"?>
<!-- Generated by org.testng.reporters.JUnitXMLReporter -->
<testsuite hostname="XPS" ignored="2" name="Test" tests="1" failures="0" timestamp="2023-01-29T20:56:58 IST" time="22.208" errors="0">
  <testcase name="TC_03" time="2.158" classname="com.testrunnerPageFactory.LoginTestpageF"/>
  <testcase name="TC_02" time="0.0" classname="com.testrunnerPageFactory.LoginTestpageF">
    <ignored/>
  </testcase> <!-- TC_02 -->
  <testcase name="TC_01" time="0.0" classname="com.testrunnerPageFactory.LoginTestpageF">
    <ignored/>
  </testcase> <!-- TC_01 -->
</testsuite> <!-- Test -->
