<?xml version="1.0" encoding="UTF-8"?>
<!-- Generated by org.testng.reporters.JUnitXMLReporter -->
<testsuite hostname="XPS" ignored="2" name="Default test" tests="1" failures="0" timestamp="2023-01-29T20:54:09 IST" time="23.106" errors="0">
  <testcase name="TC_03" time="2.504" classname="com.testrunnerPageFactory.LoginTestpageF"/>
  <testcase name="TC_02" time="0.0" classname="com.testrunnerPageFactory.LoginTestpageF">
    <ignored/>
  </testcase> <!-- TC_02 -->
  <testcase name="TC_01" time="0.0" classname="com.testrunnerPageFactory.LoginTestpageF">
    <ignored/>
  </testcase> <!-- TC_01 -->
</testsuite> <!-- Default test -->
